{"D:\\kuliah\\MSIB\\node-js-pemula\\assignment-3\\app.js": {"path":"D:\\kuliah\\MSIB\\node-js-pemula\\assignment-3\\app.js","statementMap":{"0":{"start":{"line":1,"column":0},"end":{"line":1,"column":70}},"1":{"start":{"line":1,"column":43},"end":{"line":1,"column":70}},"2":{"start":{"line":2,"column":16},"end":{"line":2,"column":34}},"3":{"start":{"line":3,"column":15},"end":{"line":3,"column":40}},"4":{"start":{"line":5,"column":12},"end":{"line":5,"column":21}},"5":{"start":{"line":7,"column":0},"end":{"line":7,"column":49}},"6":{"start":{"line":8,"column":0},"end":{"line":8,"column":24}},"7":{"start":{"line":9,"column":0},"end":{"line":9,"column":16}},"8":{"start":{"line":11,"column":0},"end":{"line":11,"column":21}}},"fnMap":{},"branchMap":{"0":{"loc":{"start":{"line":1,"column":0},"end":{"line":1,"column":70}},"type":"if","locations":[{"start":{"line":1,"column":0},"end":{"line":1,"column":70}},{"start":{},"end":{}}],"line":1}},"s":{"0":1,"1":1,"2":1,"3":1,"4":1,"5":1,"6":1,"7":1,"8":1},"f":{},"b":{"0":[1,0]},"_coverageSchema":"1a1c01bbd47fc00a2c39e90264f33305004495a9","hash":"23a002a90f2e4ad9c04c772fae61d6645e5d4650"}
,"D:\\kuliah\\MSIB\\node-js-pemula\\assignment-3\\controllers\\photos-controller.js": {"path":"D:\\kuliah\\MSIB\\node-js-pemula\\assignment-3\\controllers\\photos-controller.js","statementMap":{"0":{"start":{"line":1,"column":24},"end":{"line":1,"column":50}},"1":{"start":{"line":5,"column":4},"end":{"line":10,"column":5}},"2":{"start":{"line":6,"column":21},"end":{"line":6,"column":42}},"3":{"start":{"line":7,"column":6},"end":{"line":7,"column":35}},"4":{"start":{"line":9,"column":6},"end":{"line":9,"column":18}},"5":{"start":{"line":14,"column":19},"end":{"line":14,"column":29}},"6":{"start":{"line":15,"column":4},"end":{"line":29,"column":5}},"7":{"start":{"line":16,"column":20},"end":{"line":24,"column":8}},"8":{"start":{"line":25,"column":6},"end":{"line":25,"column":48}},"9":{"start":{"line":25,"column":18},"end":{"line":25,"column":48}},"10":{"start":{"line":26,"column":6},"end":{"line":26,"column":34}},"11":{"start":{"line":28,"column":6},"end":{"line":28,"column":18}},"12":{"start":{"line":33,"column":33},"end":{"line":33,"column":41}},"13":{"start":{"line":34,"column":19},"end":{"line":34,"column":30}},"14":{"start":{"line":35,"column":4},"end":{"line":40,"column":5}},"15":{"start":{"line":36,"column":20},"end":{"line":36,"column":68}},"16":{"start":{"line":37,"column":6},"end":{"line":37,"column":34}},"17":{"start":{"line":39,"column":6},"end":{"line":39,"column":18}},"18":{"start":{"line":44,"column":19},"end":{"line":44,"column":29}},"19":{"start":{"line":45,"column":4},"end":{"line":51,"column":5}},"20":{"start":{"line":46,"column":20},"end":{"line":46,"column":71}},"21":{"start":{"line":47,"column":6},"end":{"line":47,"column":48}},"22":{"start":{"line":47,"column":18},"end":{"line":47,"column":48}},"23":{"start":{"line":48,"column":8},"end":{"line":48,"column":36}},"24":{"start":{"line":50,"column":6},"end":{"line":50,"column":17}},"25":{"start":{"line":55,"column":19},"end":{"line":55,"column":29}},"26":{"start":{"line":56,"column":33},"end":{"line":56,"column":41}},"27":{"start":{"line":57,"column":17},"end":{"line":57,"column":37}},"28":{"start":{"line":58,"column":4},"end":{"line":68,"column":5}},"29":{"start":{"line":59,"column":20},"end":{"line":64,"column":8}},"30":{"start":{"line":65,"column":6},"end":{"line":65,"column":34}},"31":{"start":{"line":67,"column":6},"end":{"line":67,"column":17}},"32":{"start":{"line":72,"column":0},"end":{"line":72,"column":34}}},"fnMap":{"0":{"name":"(anonymous_0)","decl":{"start":{"line":4,"column":2},"end":{"line":4,"column":3}},"loc":{"start":{"line":4,"column":39},"end":{"line":11,"column":3}},"line":4},"1":{"name":"(anonymous_1)","decl":{"start":{"line":13,"column":2},"end":{"line":13,"column":3}},"loc":{"start":{"line":13,"column":40},"end":{"line":30,"column":3}},"line":13},"2":{"name":"(anonymous_2)","decl":{"start":{"line":32,"column":2},"end":{"line":32,"column":3}},"loc":{"start":{"line":32,"column":38},"end":{"line":41,"column":3}},"line":32},"3":{"name":"(anonymous_3)","decl":{"start":{"line":43,"column":2},"end":{"line":43,"column":3}},"loc":{"start":{"line":43,"column":38},"end":{"line":52,"column":3}},"line":43},"4":{"name":"(anonymous_4)","decl":{"start":{"line":54,"column":2},"end":{"line":54,"column":3}},"loc":{"start":{"line":54,"column":38},"end":{"line":69,"column":3}},"line":54}},"branchMap":{"0":{"loc":{"start":{"line":25,"column":6},"end":{"line":25,"column":48}},"type":"if","locations":[{"start":{"line":25,"column":6},"end":{"line":25,"column":48}},{"start":{},"end":{}}],"line":25},"1":{"loc":{"start":{"line":47,"column":6},"end":{"line":47,"column":48}},"type":"if","locations":[{"start":{"line":47,"column":6},"end":{"line":47,"column":48}},{"start":{},"end":{}}],"line":47}},"s":{"0":1,"1":1,"2":1,"3":1,"4":0,"5":2,"6":2,"7":2,"8":2,"9":1,"10":1,"11":1,"12":6,"13":6,"14":6,"15":6,"16":1,"17":5,"18":0,"19":0,"20":0,"21":0,"22":0,"23":0,"24":0,"25":0,"26":0,"27":0,"28":0,"29":0,"30":0,"31":0,"32":1},"f":{"0":1,"1":2,"2":6,"3":0,"4":0},"b":{"0":[1,1],"1":[0,0]},"_coverageSchema":"1a1c01bbd47fc00a2c39e90264f33305004495a9","hash":"e4864da121c9de4f4b32ae6d291be0e25eeb3ea6"}
,"D:\\kuliah\\MSIB\\node-js-pemula\\assignment-3\\controllers\\users-controller.js": {"path":"D:\\kuliah\\MSIB\\node-js-pemula\\assignment-3\\controllers\\users-controller.js","statementMap":{"0":{"start":{"line":1,"column":17},"end":{"line":1,"column":43}},"1":{"start":{"line":2,"column":20},"end":{"line":2,"column":46}},"2":{"start":{"line":3,"column":17},"end":{"line":3,"column":42}},"3":{"start":{"line":7,"column":32},"end":{"line":7,"column":40}},"4":{"start":{"line":8,"column":4},"end":{"line":17,"column":5}},"5":{"start":{"line":9,"column":6},"end":{"line":9,"column":70}},"6":{"start":{"line":9,"column":31},"end":{"line":9,"column":70}},"7":{"start":{"line":10,"column":19},"end":{"line":10,"column":59}},"8":{"start":{"line":11,"column":6},"end":{"line":11,"column":49}},"9":{"start":{"line":11,"column":17},"end":{"line":11,"column":49}},"10":{"start":{"line":12,"column":6},"end":{"line":12,"column":77}},"11":{"start":{"line":12,"column":45},"end":{"line":12,"column":77}},"12":{"start":{"line":13,"column":20},"end":{"line":13,"column":60}},"13":{"start":{"line":14,"column":6},"end":{"line":14,"column":38}},"14":{"start":{"line":16,"column":6},"end":{"line":16,"column":18}},"15":{"start":{"line":21,"column":42},"end":{"line":21,"column":50}},"16":{"start":{"line":22,"column":4},"end":{"line":30,"column":5}},"17":{"start":{"line":23,"column":19},"end":{"line":23,"column":67}},"18":{"start":{"line":24,"column":6},"end":{"line":27,"column":9}},"19":{"start":{"line":29,"column":6},"end":{"line":29,"column":18}},"20":{"start":{"line":34,"column":0},"end":{"line":34,"column":33}}},"fnMap":{"0":{"name":"(anonymous_0)","decl":{"start":{"line":6,"column":2},"end":{"line":6,"column":3}},"loc":{"start":{"line":6,"column":38},"end":{"line":18,"column":3}},"line":6},"1":{"name":"(anonymous_1)","decl":{"start":{"line":20,"column":2},"end":{"line":20,"column":3}},"loc":{"start":{"line":20,"column":38},"end":{"line":31,"column":3}},"line":20}},"branchMap":{"0":{"loc":{"start":{"line":9,"column":6},"end":{"line":9,"column":70}},"type":"if","locations":[{"start":{"line":9,"column":6},"end":{"line":9,"column":70}},{"start":{},"end":{}}],"line":9},"1":{"loc":{"start":{"line":9,"column":10},"end":{"line":9,"column":29}},"type":"binary-expr","locations":[{"start":{"line":9,"column":10},"end":{"line":9,"column":16}},{"start":{"line":9,"column":20},"end":{"line":9,"column":29}}],"line":9},"2":{"loc":{"start":{"line":11,"column":6},"end":{"line":11,"column":49}},"type":"if","locations":[{"start":{"line":11,"column":6},"end":{"line":11,"column":49}},{"start":{},"end":{}}],"line":11},"3":{"loc":{"start":{"line":12,"column":6},"end":{"line":12,"column":77}},"type":"if","locations":[{"start":{"line":12,"column":6},"end":{"line":12,"column":77}},{"start":{},"end":{}}],"line":12}},"s":{"0":1,"1":1,"2":1,"3":0,"4":0,"5":0,"6":0,"7":0,"8":0,"9":0,"10":0,"11":0,"12":0,"13":0,"14":0,"15":0,"16":0,"17":0,"18":0,"19":0,"20":1},"f":{"0":0,"1":0},"b":{"0":[0,0],"1":[0,0],"2":[0,0],"3":[0,0]},"_coverageSchema":"1a1c01bbd47fc00a2c39e90264f33305004495a9","hash":"25580af3a82208debc23288eb7dc4b99a50477fc"}
,"D:\\kuliah\\MSIB\\node-js-pemula\\assignment-3\\helpers\\hash.js": {"path":"D:\\kuliah\\MSIB\\node-js-pemula\\assignment-3\\helpers\\hash.js","statementMap":{"0":{"start":{"line":1,"column":15},"end":{"line":1,"column":34}},"1":{"start":{"line":4,"column":2},"end":{"line":4,"column":36}},"2":{"start":{"line":8,"column":2},"end":{"line":8,"column":43}},"3":{"start":{"line":11,"column":0},"end":{"line":14,"column":2}}},"fnMap":{"0":{"name":"hash","decl":{"start":{"line":3,"column":9},"end":{"line":3,"column":13}},"loc":{"start":{"line":3,"column":21},"end":{"line":5,"column":1}},"line":3},"1":{"name":"compare","decl":{"start":{"line":7,"column":9},"end":{"line":7,"column":16}},"loc":{"start":{"line":7,"column":32},"end":{"line":9,"column":1}},"line":7}},"branchMap":{},"s":{"0":1,"1":1,"2":0,"3":1},"f":{"0":1,"1":0},"b":{},"_coverageSchema":"1a1c01bbd47fc00a2c39e90264f33305004495a9","hash":"ab04c37ea6c1ae99dfb69ff57f3cab85c004a9c3"}
,"D:\\kuliah\\MSIB\\node-js-pemula\\assignment-3\\helpers\\jwt.js": {"path":"D:\\kuliah\\MSIB\\node-js-pemula\\assignment-3\\helpers\\jwt.js","statementMap":{"0":{"start":{"line":1,"column":12},"end":{"line":1,"column":35}},"1":{"start":{"line":4,"column":2},"end":{"line":4,"column":51}},"2":{"start":{"line":8,"column":2},"end":{"line":8,"column":51}},"3":{"start":{"line":11,"column":0},"end":{"line":14,"column":2}}},"fnMap":{"0":{"name":"sign","decl":{"start":{"line":3,"column":9},"end":{"line":3,"column":13}},"loc":{"start":{"line":3,"column":23},"end":{"line":5,"column":1}},"line":3},"1":{"name":"verify","decl":{"start":{"line":7,"column":9},"end":{"line":7,"column":15}},"loc":{"start":{"line":7,"column":23},"end":{"line":9,"column":1}},"line":7}},"branchMap":{},"s":{"0":1,"1":2,"2":13,"3":1},"f":{"0":2,"1":13},"b":{},"_coverageSchema":"1a1c01bbd47fc00a2c39e90264f33305004495a9","hash":"24736d88996ae34a1b39953e84b3a6db5f939cc1"}
,"D:\\kuliah\\MSIB\\node-js-pemula\\assignment-3\\middlewares\\authentication-middleware.js": {"path":"D:\\kuliah\\MSIB\\node-js-pemula\\assignment-3\\middlewares\\authentication-middleware.js","statementMap":{"0":{"start":{"line":1,"column":19},"end":{"line":1,"column":44}},"1":{"start":{"line":2,"column":17},"end":{"line":2,"column":43}},"2":{"start":{"line":5,"column":2},"end":{"line":17,"column":3}},"3":{"start":{"line":6,"column":30},"end":{"line":6,"column":41}},"4":{"start":{"line":7,"column":4},"end":{"line":7,"column":58}},"5":{"start":{"line":7,"column":24},"end":{"line":7,"column":58}},"6":{"start":{"line":8,"column":4},"end":{"line":8,"column":43}},"7":{"start":{"line":9,"column":4},"end":{"line":9,"column":59}},"8":{"start":{"line":9,"column":28},"end":{"line":9,"column":59}},"9":{"start":{"line":10,"column":26},"end":{"line":10,"column":42}},"10":{"start":{"line":11,"column":17},"end":{"line":11,"column":61}},"11":{"start":{"line":12,"column":4},"end":{"line":12,"column":46}},"12":{"start":{"line":12,"column":15},"end":{"line":12,"column":46}},"13":{"start":{"line":13,"column":4},"end":{"line":13,"column":29}},"14":{"start":{"line":14,"column":4},"end":{"line":14,"column":11}},"15":{"start":{"line":16,"column":4},"end":{"line":16,"column":16}},"16":{"start":{"line":20,"column":0},"end":{"line":20,"column":42}}},"fnMap":{"0":{"name":"authenticationMiddleware","decl":{"start":{"line":4,"column":15},"end":{"line":4,"column":39}},"loc":{"start":{"line":4,"column":56},"end":{"line":18,"column":1}},"line":4}},"branchMap":{"0":{"loc":{"start":{"line":7,"column":4},"end":{"line":7,"column":58}},"type":"if","locations":[{"start":{"line":7,"column":4},"end":{"line":7,"column":58}},{"start":{},"end":{}}],"line":7},"1":{"loc":{"start":{"line":9,"column":4},"end":{"line":9,"column":59}},"type":"if","locations":[{"start":{"line":9,"column":4},"end":{"line":9,"column":59}},{"start":{},"end":{}}],"line":9},"2":{"loc":{"start":{"line":12,"column":4},"end":{"line":12,"column":46}},"type":"if","locations":[{"start":{"line":12,"column":4},"end":{"line":12,"column":46}},{"start":{},"end":{}}],"line":12}},"s":{"0":1,"1":1,"2":17,"3":17,"4":17,"5":2,"6":15,"7":15,"8":2,"9":13,"10":11,"11":11,"12":2,"13":9,"14":9,"15":8,"16":1},"f":{"0":17},"b":{"0":[2,15],"1":[2,13],"2":[2,9]},"_coverageSchema":"1a1c01bbd47fc00a2c39e90264f33305004495a9","hash":"cd8f62dc3dfe49cbf268f5e1bfa339ecdf1066e0"}
,"D:\\kuliah\\MSIB\\node-js-pemula\\assignment-3\\middlewares\\error-middleware.js": {"path":"D:\\kuliah\\MSIB\\node-js-pemula\\assignment-3\\middlewares\\error-middleware.js","statementMap":{"0":{"start":{"line":2,"column":13},"end":{"line":2,"column":16}},"1":{"start":{"line":3,"column":16},"end":{"line":3,"column":39}},"2":{"start":{"line":5,"column":2},"end":{"line":33,"column":3}},"3":{"start":{"line":6,"column":4},"end":{"line":6,"column":15}},"4":{"start":{"line":7,"column":4},"end":{"line":7,"column":30}},"5":{"start":{"line":8,"column":9},"end":{"line":33,"column":3}},"6":{"start":{"line":9,"column":4},"end":{"line":9,"column":15}},"7":{"start":{"line":10,"column":4},"end":{"line":10,"column":30}},"8":{"start":{"line":11,"column":9},"end":{"line":33,"column":3}},"9":{"start":{"line":12,"column":4},"end":{"line":12,"column":15}},"10":{"start":{"line":13,"column":4},"end":{"line":13,"column":29}},"11":{"start":{"line":14,"column":9},"end":{"line":33,"column":3}},"12":{"start":{"line":15,"column":4},"end":{"line":15,"column":15}},"13":{"start":{"line":16,"column":4},"end":{"line":16,"column":31}},"14":{"start":{"line":17,"column":9},"end":{"line":33,"column":3}},"15":{"start":{"line":18,"column":4},"end":{"line":18,"column":15}},"16":{"start":{"line":19,"column":4},"end":{"line":19,"column":49}},"17":{"start":{"line":19,"column":38},"end":{"line":19,"column":47}},"18":{"start":{"line":20,"column":9},"end":{"line":33,"column":3}},"19":{"start":{"line":25,"column":4},"end":{"line":25,"column":15}},"20":{"start":{"line":26,"column":4},"end":{"line":26,"column":37}},"21":{"start":{"line":27,"column":9},"end":{"line":33,"column":3}},"22":{"start":{"line":28,"column":4},"end":{"line":28,"column":15}},"23":{"start":{"line":29,"column":4},"end":{"line":29,"column":28}},"24":{"start":{"line":30,"column":9},"end":{"line":33,"column":3}},"25":{"start":{"line":31,"column":4},"end":{"line":31,"column":15}},"26":{"start":{"line":32,"column":4},"end":{"line":32,"column":37}},"27":{"start":{"line":35,"column":2},"end":{"line":35,"column":44}},"28":{"start":{"line":38,"column":0},"end":{"line":38,"column":33}}},"fnMap":{"0":{"name":"errorMiddleware","decl":{"start":{"line":1,"column":9},"end":{"line":1,"column":24}},"loc":{"start":{"line":1,"column":48},"end":{"line":36,"column":1}},"line":1},"1":{"name":"(anonymous_1)","decl":{"start":{"line":19,"column":31},"end":{"line":19,"column":32}},"loc":{"start":{"line":19,"column":38},"end":{"line":19,"column":47}},"line":19}},"branchMap":{"0":{"loc":{"start":{"line":5,"column":2},"end":{"line":33,"column":3}},"type":"if","locations":[{"start":{"line":5,"column":2},"end":{"line":33,"column":3}},{"start":{"line":8,"column":9},"end":{"line":33,"column":3}}],"line":5},"1":{"loc":{"start":{"line":8,"column":9},"end":{"line":33,"column":3}},"type":"if","locations":[{"start":{"line":8,"column":9},"end":{"line":33,"column":3}},{"start":{"line":11,"column":9},"end":{"line":33,"column":3}}],"line":8},"2":{"loc":{"start":{"line":11,"column":9},"end":{"line":33,"column":3}},"type":"if","locations":[{"start":{"line":11,"column":9},"end":{"line":33,"column":3}},{"start":{"line":14,"column":9},"end":{"line":33,"column":3}}],"line":11},"3":{"loc":{"start":{"line":11,"column":13},"end":{"line":11,"column":78}},"type":"binary-expr","locations":[{"start":{"line":11,"column":13},"end":{"line":11,"column":42}},{"start":{"line":11,"column":46},"end":{"line":11,"column":78}}],"line":11},"4":{"loc":{"start":{"line":14,"column":9},"end":{"line":33,"column":3}},"type":"if","locations":[{"start":{"line":14,"column":9},"end":{"line":33,"column":3}},{"start":{"line":17,"column":9},"end":{"line":33,"column":3}}],"line":14},"5":{"loc":{"start":{"line":17,"column":9},"end":{"line":33,"column":3}},"type":"if","locations":[{"start":{"line":17,"column":9},"end":{"line":33,"column":3}},{"start":{"line":20,"column":9},"end":{"line":33,"column":3}}],"line":17},"6":{"loc":{"start":{"line":20,"column":9},"end":{"line":33,"column":3}},"type":"if","locations":[{"start":{"line":20,"column":9},"end":{"line":33,"column":3}},{"start":{"line":27,"column":9},"end":{"line":33,"column":3}}],"line":20},"7":{"loc":{"start":{"line":21,"column":4},"end":{"line":23,"column":41}},"type":"binary-expr","locations":[{"start":{"line":21,"column":4},"end":{"line":21,"column":34}},{"start":{"line":22,"column":4},"end":{"line":22,"column":34}},{"start":{"line":23,"column":4},"end":{"line":23,"column":41}}],"line":21},"8":{"loc":{"start":{"line":27,"column":9},"end":{"line":33,"column":3}},"type":"if","locations":[{"start":{"line":27,"column":9},"end":{"line":33,"column":3}},{"start":{"line":30,"column":9},"end":{"line":33,"column":3}}],"line":27},"9":{"loc":{"start":{"line":30,"column":9},"end":{"line":33,"column":3}},"type":"if","locations":[{"start":{"line":30,"column":9},"end":{"line":33,"column":3}},{"start":{},"end":{}}],"line":30}},"s":{"0":14,"1":14,"2":14,"3":2,"4":2,"5":12,"6":2,"7":2,"8":10,"9":4,"10":4,"11":6,"12":1,"13":1,"14":5,"15":5,"16":5,"17":6,"18":0,"19":0,"20":0,"21":0,"22":0,"23":0,"24":0,"25":0,"26":0,"27":14,"28":1},"f":{"0":14,"1":6},"b":{"0":[2,12],"1":[2,10],"2":[4,6],"3":[10,8],"4":[1,5],"5":[5,0],"6":[0,0],"7":[0,0,0],"8":[0,0],"9":[0,0]},"_coverageSchema":"1a1c01bbd47fc00a2c39e90264f33305004495a9","hash":"ce747042f9643b405eab328ae1eab0d73efcc3f3"}
,"D:\\kuliah\\MSIB\\node-js-pemula\\assignment-3\\models\\index.js": {"path":"D:\\kuliah\\MSIB\\node-js-pemula\\assignment-3\\models\\index.js","statementMap":{"0":{"start":{"line":3,"column":11},"end":{"line":3,"column":24}},"1":{"start":{"line":4,"column":13},"end":{"line":4,"column":28}},"2":{"start":{"line":5,"column":18},"end":{"line":5,"column":38}},"3":{"start":{"line":6,"column":17},"end":{"line":6,"column":42}},"4":{"start":{"line":7,"column":12},"end":{"line":7,"column":49}},"5":{"start":{"line":8,"column":15},"end":{"line":8,"column":65}},"6":{"start":{"line":9,"column":11},"end":{"line":9,"column":13}},"7":{"start":{"line":12,"column":0},"end":{"line":16,"column":1}},"8":{"start":{"line":13,"column":2},"end":{"line":13,"column":74}},"9":{"start":{"line":15,"column":2},"end":{"line":15,"column":87}},"10":{"start":{"line":18,"column":0},"end":{"line":25,"column":5}},"11":{"start":{"line":20,"column":4},"end":{"line":20,"column":84}},"12":{"start":{"line":23,"column":18},"end":{"line":23,"column":85}},"13":{"start":{"line":24,"column":4},"end":{"line":24,"column":27}},"14":{"start":{"line":27,"column":0},"end":{"line":31,"column":3}},"15":{"start":{"line":28,"column":2},"end":{"line":30,"column":3}},"16":{"start":{"line":29,"column":4},"end":{"line":29,"column":32}},"17":{"start":{"line":33,"column":0},"end":{"line":33,"column":25}},"18":{"start":{"line":34,"column":0},"end":{"line":34,"column":25}},"19":{"start":{"line":36,"column":0},"end":{"line":36,"column":20}}},"fnMap":{"0":{"name":"(anonymous_0)","decl":{"start":{"line":19,"column":10},"end":{"line":19,"column":11}},"loc":{"start":{"line":19,"column":20},"end":{"line":21,"column":3}},"line":19},"1":{"name":"(anonymous_1)","decl":{"start":{"line":22,"column":11},"end":{"line":22,"column":12}},"loc":{"start":{"line":22,"column":21},"end":{"line":25,"column":3}},"line":22},"2":{"name":"(anonymous_2)","decl":{"start":{"line":27,"column":24},"end":{"line":27,"column":25}},"loc":{"start":{"line":27,"column":39},"end":{"line":31,"column":1}},"line":27}},"branchMap":{"0":{"loc":{"start":{"line":7,"column":12},"end":{"line":7,"column":49}},"type":"binary-expr","locations":[{"start":{"line":7,"column":12},"end":{"line":7,"column":32}},{"start":{"line":7,"column":36},"end":{"line":7,"column":49}}],"line":7},"1":{"loc":{"start":{"line":12,"column":0},"end":{"line":16,"column":1}},"type":"if","locations":[{"start":{"line":12,"column":0},"end":{"line":16,"column":1}},{"start":{"line":14,"column":7},"end":{"line":16,"column":1}}],"line":12},"2":{"loc":{"start":{"line":20,"column":11},"end":{"line":20,"column":83}},"type":"binary-expr","locations":[{"start":{"line":20,"column":11},"end":{"line":20,"column":34}},{"start":{"line":20,"column":38},"end":{"line":20,"column":55}},{"start":{"line":20,"column":59},"end":{"line":20,"column":83}}],"line":20},"3":{"loc":{"start":{"line":28,"column":2},"end":{"line":30,"column":3}},"type":"if","locations":[{"start":{"line":28,"column":2},"end":{"line":30,"column":3}},{"start":{},"end":{}}],"line":28}},"s":{"0":1,"1":1,"2":1,"3":1,"4":1,"5":1,"6":1,"7":1,"8":0,"9":1,"10":1,"11":3,"12":2,"13":2,"14":1,"15":2,"16":2,"17":1,"18":1,"19":1},"f":{"0":3,"1":2,"2":2},"b":{"0":[1,0],"1":[0,1],"2":[3,3,2],"3":[2,0]},"_coverageSchema":"1a1c01bbd47fc00a2c39e90264f33305004495a9","hash":"080fa3ac76b3fa7d344c0940c256a9e68446514f"}
,"D:\\kuliah\\MSIB\\node-js-pemula\\assignment-3\\models\\photo.js": {"path":"D:\\kuliah\\MSIB\\node-js-pemula\\assignment-3\\models\\photo.js","statementMap":{"0":{"start":{"line":2,"column":18},"end":{"line":2,"column":38}},"1":{"start":{"line":3,"column":0},"end":{"line":69,"column":2}},"2":{"start":{"line":12,"column":6},"end":{"line":12,"column":35}},"3":{"start":{"line":15,"column":2},"end":{"line":67,"column":4}},"4":{"start":{"line":61,"column":10},"end":{"line":61,"column":85}},"5":{"start":{"line":68,"column":2},"end":{"line":68,"column":15}}},"fnMap":{"0":{"name":"(anonymous_0)","decl":{"start":{"line":3,"column":17},"end":{"line":3,"column":18}},"loc":{"start":{"line":3,"column":43},"end":{"line":69,"column":1}},"line":3},"1":{"name":"(anonymous_1)","decl":{"start":{"line":10,"column":4},"end":{"line":10,"column":5}},"loc":{"start":{"line":10,"column":29},"end":{"line":13,"column":5}},"line":10},"2":{"name":"(anonymous_2)","decl":{"start":{"line":60,"column":8},"end":{"line":60,"column":9}},"loc":{"start":{"line":60,"column":31},"end":{"line":62,"column":9}},"line":60}},"branchMap":{},"s":{"0":1,"1":1,"2":1,"3":1,"4":1,"5":1},"f":{"0":1,"1":1,"2":1},"b":{},"_coverageSchema":"1a1c01bbd47fc00a2c39e90264f33305004495a9","hash":"5950e60cc93145bab3a776d86943c151aeb0e1c3"}
,"D:\\kuliah\\MSIB\\node-js-pemula\\assignment-3\\models\\user.js": {"path":"D:\\kuliah\\MSIB\\node-js-pemula\\assignment-3\\models\\user.js","statementMap":{"0":{"start":{"line":2,"column":18},"end":{"line":2,"column":38}},"1":{"start":{"line":3,"column":17},"end":{"line":3,"column":45}},"2":{"start":{"line":4,"column":0},"end":{"line":69,"column":2}},"3":{"start":{"line":13,"column":6},"end":{"line":13,"column":33}},"4":{"start":{"line":16,"column":2},"end":{"line":67,"column":4}},"5":{"start":{"line":61,"column":10},"end":{"line":61,"column":54}},"6":{"start":{"line":68,"column":2},"end":{"line":68,"column":14}}},"fnMap":{"0":{"name":"(anonymous_0)","decl":{"start":{"line":4,"column":17},"end":{"line":4,"column":18}},"loc":{"start":{"line":4,"column":43},"end":{"line":69,"column":1}},"line":4},"1":{"name":"(anonymous_1)","decl":{"start":{"line":11,"column":4},"end":{"line":11,"column":5}},"loc":{"start":{"line":11,"column":29},"end":{"line":14,"column":5}},"line":11},"2":{"name":"(anonymous_2)","decl":{"start":{"line":60,"column":8},"end":{"line":60,"column":9}},"loc":{"start":{"line":60,"column":31},"end":{"line":62,"column":9}},"line":60}},"branchMap":{},"s":{"0":1,"1":1,"2":1,"3":1,"4":1,"5":0,"6":1},"f":{"0":1,"1":1,"2":0},"b":{},"_coverageSchema":"1a1c01bbd47fc00a2c39e90264f33305004495a9","hash":"64a26f644d36cdfa6c2e30b29f47d84e849e3e16"}
,"D:\\kuliah\\MSIB\\node-js-pemula\\assignment-3\\routes\\index.js": {"path":"D:\\kuliah\\MSIB\\node-js-pemula\\assignment-3\\routes\\index.js","statementMap":{"0":{"start":{"line":1,"column":15},"end":{"line":1,"column":42}},"1":{"start":{"line":2,"column":24},"end":{"line":2,"column":66}},"2":{"start":{"line":3,"column":20},"end":{"line":3,"column":45}},"3":{"start":{"line":4,"column":21},"end":{"line":4,"column":47}},"4":{"start":{"line":6,"column":0},"end":{"line":6,"column":24}},"5":{"start":{"line":7,"column":0},"end":{"line":7,"column":36}},"6":{"start":{"line":9,"column":0},"end":{"line":11,"column":3}},"7":{"start":{"line":10,"column":2},"end":{"line":10,"column":33}},"8":{"start":{"line":13,"column":0},"end":{"line":13,"column":28}},"9":{"start":{"line":15,"column":0},"end":{"line":15,"column":24}}},"fnMap":{"0":{"name":"(anonymous_0)","decl":{"start":{"line":9,"column":11},"end":{"line":9,"column":12}},"loc":{"start":{"line":9,"column":31},"end":{"line":11,"column":1}},"line":9}},"branchMap":{},"s":{"0":1,"1":1,"2":1,"3":1,"4":1,"5":1,"6":1,"7":0,"8":1,"9":1},"f":{"0":0},"b":{},"_coverageSchema":"1a1c01bbd47fc00a2c39e90264f33305004495a9","hash":"1132aff4f2693c48a7900edf5cc4eba8c1042d67"}
,"D:\\kuliah\\MSIB\\node-js-pemula\\assignment-3\\routes\\photos-router.js": {"path":"D:\\kuliah\\MSIB\\node-js-pemula\\assignment-3\\routes\\photos-router.js","statementMap":{"0":{"start":{"line":1,"column":15},"end":{"line":1,"column":42}},"1":{"start":{"line":2,"column":33},"end":{"line":2,"column":84}},"2":{"start":{"line":3,"column":25},"end":{"line":3,"column":68}},"3":{"start":{"line":5,"column":0},"end":{"line":5,"column":37}},"4":{"start":{"line":6,"column":0},"end":{"line":6,"column":42}},"5":{"start":{"line":7,"column":0},"end":{"line":7,"column":46}},"6":{"start":{"line":8,"column":0},"end":{"line":8,"column":42}},"7":{"start":{"line":9,"column":0},"end":{"line":9,"column":47}},"8":{"start":{"line":10,"column":0},"end":{"line":10,"column":44}},"9":{"start":{"line":12,"column":0},"end":{"line":12,"column":24}}},"fnMap":{},"branchMap":{},"s":{"0":1,"1":1,"2":1,"3":1,"4":1,"5":1,"6":1,"7":1,"8":1,"9":1},"f":{},"b":{},"_coverageSchema":"1a1c01bbd47fc00a2c39e90264f33305004495a9","hash":"f2f819d738466b11a8e9a911d4da74c1bdde3513"}
,"D:\\kuliah\\MSIB\\node-js-pemula\\assignment-3\\routes\\users-router.js": {"path":"D:\\kuliah\\MSIB\\node-js-pemula\\assignment-3\\routes\\users-router.js","statementMap":{"0":{"start":{"line":1,"column":15},"end":{"line":1,"column":42}},"1":{"start":{"line":2,"column":24},"end":{"line":2,"column":66}},"2":{"start":{"line":4,"column":0},"end":{"line":4,"column":48}},"3":{"start":{"line":5,"column":0},"end":{"line":5,"column":48}},"4":{"start":{"line":7,"column":0},"end":{"line":7,"column":24}}},"fnMap":{},"branchMap":{},"s":{"0":1,"1":1,"2":1,"3":1,"4":1},"f":{},"b":{},"_coverageSchema":"1a1c01bbd47fc00a2c39e90264f33305004495a9","hash":"bf4aec665370c6b3c3d49fb8e87d4b8c01847f6b"}
}
