TN:
SF:app.js
FNF:0
FNH:0
DA:1,1
DA:2,1
DA:3,1
DA:5,1
DA:7,1
DA:8,1
DA:9,1
DA:11,1
LF:8
LH:8
BRDA:1,0,0,1
BRDA:1,0,1,0
BRF:2
BRH:1
end_of_record
TN:
SF:controllers\photos-controller.js
FN:4,(anonymous_0)
FN:13,(anonymous_1)
FN:32,(anonymous_2)
FN:43,(anonymous_3)
FN:54,(anonymous_4)
FNF:5
FNH:3
FNDA:1,(anonymous_0)
FNDA:2,(anonymous_1)
FNDA:6,(anonymous_2)
FNDA:0,(anonymous_3)
FNDA:0,(anonymous_4)
DA:1,1
DA:5,1
DA:6,1
DA:7,1
DA:9,0
DA:14,2
DA:15,2
DA:16,2
DA:25,2
DA:26,1
DA:28,1
DA:33,6
DA:34,6
DA:35,6
DA:36,6
DA:37,1
DA:39,5
DA:44,0
DA:45,0
DA:46,0
DA:47,0
DA:48,0
DA:50,0
DA:55,0
DA:56,0
DA:57,0
DA:58,0
DA:59,0
DA:65,0
DA:67,0
DA:72,1
LF:31
LH:17
BRDA:25,0,0,1
BRDA:25,0,1,1
BRDA:47,1,0,0
BRDA:47,1,1,0
BRF:4
BRH:2
end_of_record
TN:
SF:controllers\users-controller.js
FN:6,(anonymous_0)
FN:20,(anonymous_1)
FNF:2
FNH:0
FNDA:0,(anonymous_0)
FNDA:0,(anonymous_1)
DA:1,1
DA:2,1
DA:3,1
DA:7,0
DA:8,0
DA:9,0
DA:10,0
DA:11,0
DA:12,0
DA:13,0
DA:14,0
DA:16,0
DA:21,0
DA:22,0
DA:23,0
DA:24,0
DA:29,0
DA:34,1
LF:18
LH:4
BRDA:9,0,0,0
BRDA:9,0,1,0
BRDA:9,1,0,0
BRDA:9,1,1,0
BRDA:11,2,0,0
BRDA:11,2,1,0
BRDA:12,3,0,0
BRDA:12,3,1,0
BRF:8
BRH:0
end_of_record
TN:
SF:helpers\hash.js
FN:3,hash
FN:7,compare
FNF:2
FNH:1
FNDA:1,hash
FNDA:0,compare
DA:1,1
DA:4,1
DA:8,0
DA:11,1
LF:4
LH:3
BRF:0
BRH:0
end_of_record
TN:
SF:helpers\jwt.js
FN:3,sign
FN:7,verify
FNF:2
FNH:2
FNDA:2,sign
FNDA:13,verify
DA:1,1
DA:4,2
DA:8,13
DA:11,1
LF:4
LH:4
BRF:0
BRH:0
end_of_record
TN:
SF:middlewares\authentication-middleware.js
FN:4,authenticationMiddleware
FNF:1
FNH:1
FNDA:17,authenticationMiddleware
DA:1,1
DA:2,1
DA:5,17
DA:6,17
DA:7,17
DA:8,15
DA:9,15
DA:10,13
DA:11,11
DA:12,11
DA:13,9
DA:14,9
DA:16,8
DA:20,1
LF:14
LH:14
BRDA:7,0,0,2
BRDA:7,0,1,15
BRDA:9,1,0,2
BRDA:9,1,1,13
BRDA:12,2,0,2
BRDA:12,2,1,9
BRF:6
BRH:6
end_of_record
TN:
SF:middlewares\error-middleware.js
FN:1,errorMiddleware
FN:19,(anonymous_1)
FNF:2
FNH:2
FNDA:14,errorMiddleware
FNDA:6,(anonymous_1)
DA:2,14
DA:3,14
DA:5,14
DA:6,2
DA:7,2
DA:8,12
DA:9,2
DA:10,2
DA:11,10
DA:12,4
DA:13,4
DA:14,6
DA:15,1
DA:16,1
DA:17,5
DA:18,5
DA:19,6
DA:20,0
DA:25,0
DA:26,0
DA:27,0
DA:28,0
DA:29,0
DA:30,0
DA:31,0
DA:32,0
DA:35,14
DA:38,1
LF:28
LH:19
BRDA:5,0,0,2
BRDA:5,0,1,12
BRDA:8,1,0,2
BRDA:8,1,1,10
BRDA:11,2,0,4
BRDA:11,2,1,6
BRDA:11,3,0,10
BRDA:11,3,1,8
BRDA:14,4,0,1
BRDA:14,4,1,5
BRDA:17,5,0,5
BRDA:17,5,1,0
BRDA:20,6,0,0
BRDA:20,6,1,0
BRDA:21,7,0,0
BRDA:21,7,1,0
BRDA:21,7,2,0
BRDA:27,8,0,0
BRDA:27,8,1,0
BRDA:30,9,0,0
BRDA:30,9,1,0
BRF:21
BRH:11
end_of_record
TN:
SF:models\index.js
FN:19,(anonymous_0)
FN:22,(anonymous_1)
FN:27,(anonymous_2)
FNF:3
FNH:3
FNDA:3,(anonymous_0)
FNDA:2,(anonymous_1)
FNDA:2,(anonymous_2)
DA:3,1
DA:4,1
DA:5,1
DA:6,1
DA:7,1
DA:8,1
DA:9,1
DA:12,1
DA:13,0
DA:15,1
DA:18,1
DA:20,3
DA:23,2
DA:24,2
DA:27,1
DA:28,2
DA:29,2
DA:33,1
DA:34,1
DA:36,1
LF:20
LH:19
BRDA:7,0,0,1
BRDA:7,0,1,0
BRDA:12,1,0,0
BRDA:12,1,1,1
BRDA:20,2,0,3
BRDA:20,2,1,3
BRDA:20,2,2,2
BRDA:28,3,0,2
BRDA:28,3,1,0
BRF:9
BRH:6
end_of_record
TN:
SF:models\photo.js
FN:3,(anonymous_0)
FN:10,(anonymous_1)
FN:60,(anonymous_2)
FNF:3
FNH:3
FNDA:1,(anonymous_0)
FNDA:1,(anonymous_1)
FNDA:1,(anonymous_2)
DA:2,1
DA:3,1
DA:12,1
DA:15,1
DA:61,1
DA:68,1
LF:6
LH:6
BRF:0
BRH:0
end_of_record
TN:
SF:models\user.js
FN:4,(anonymous_0)
FN:11,(anonymous_1)
FN:60,(anonymous_2)
FNF:3
FNH:2
FNDA:1,(anonymous_0)
FNDA:1,(anonymous_1)
FNDA:0,(anonymous_2)
DA:2,1
DA:3,1
DA:4,1
DA:13,1
DA:16,1
DA:61,0
DA:68,1
LF:7
LH:6
BRF:0
BRH:0
end_of_record
TN:
SF:routes\index.js
FN:9,(anonymous_0)
FNF:1
FNH:0
FNDA:0,(anonymous_0)
DA:1,1
DA:2,1
DA:3,1
DA:4,1
DA:6,1
DA:7,1
DA:9,1
DA:10,0
DA:13,1
DA:15,1
LF:10
LH:9
BRF:0
BRH:0
end_of_record
TN:
SF:routes\photos-router.js
FNF:0
FNH:0
DA:1,1
DA:2,1
DA:3,1
DA:5,1
DA:6,1
DA:7,1
DA:8,1
DA:9,1
DA:10,1
DA:12,1
LF:10
LH:10
BRF:0
BRH:0
end_of_record
TN:
SF:routes\users-router.js
FNF:0
FNH:0
DA:1,1
DA:2,1
DA:4,1
DA:5,1
DA:7,1
LF:5
LH:5
BRF:0
BRH:0
end_of_record
